0 info it worked if it ends with ok
1 verbose cli [ 'C:\\Program Files (x86)\\Nodist\\v-x64\\7.6.0\\node.exe',
1 verbose cli   'C:\\Program Files (x86)\\Nodist\\npmv\\4.0.5\\bin\\npm-cli.js',
1 verbose cli   'run',
1 verbose cli   'gp',
1 verbose cli   'test' ]
2 info using npm@4.0.5
3 info using node@v7.6.0
4 verbose run-script [ 'pregp', 'gp', 'postgp' ]
5 info lifecycle custumblr@1.0.0~pregp: custumblr@1.0.0
6 silly lifecycle custumblr@1.0.0~pregp: no script for pregp, continuing
7 info lifecycle custumblr@1.0.0~gp: custumblr@1.0.0
8 verbose lifecycle custumblr@1.0.0~gp: unsafe-perm in lifecycle true
9 verbose lifecycle custumblr@1.0.0~gp: PATH: C:\Program Files (x86)\Nodist\npmv\4.0.5\bin\node-gyp-bin;C:\Users\FMVA77HWZ\mydev\products\custumblr\node_modules\.bin;C:\Program Files (x86)\Nodist\v-x64\7.6.0;C:\Python27\;C:\Python27\Scripts;C:\Program Files\Common Files\Microsoft Shared\Windows Live;C:\Program Files (x86)\Common Files\Microsoft Shared\Windows Live;C:\Program Files (x86)\Intel\iCLS Client\;C:\Program Files\Intel\iCLS Client\;C:\WINDOWS\system32;C:\WINDOWS;C:\WINDOWS\System32\Wbem;C:\WINDOWS\System32\WindowsPowerShell\v1.0\;C:\Program Files\Intel\Intel(R) Management Engine Components\DAL;C:\Program Files\Intel\Intel(R) Management Engine Components\IPT;C:\Program Files (x86)\Intel\Intel(R) Management Engine Components\DAL;C:\Program Files (x86)\Intel\Intel(R) Management Engine Components\IPT;C:\Program Files (x86)\Common Files\Roxio Shared\OEM\DLLShared\;C:\Program Files (x86)\Common Files\Roxio Shared\OEM\12.0\DLLShared\;C:\Program Files (x86)\Roxio 2010\OEM\AudioCore\;C:\Program Files (x86)\Windows Live\Shared;C:\Program Files (x86)\Intel\OpenCL SDK\2.0\bin\x86;C:\Program Files (x86)\Intel\OpenCL SDK\2.0\bin\x64;C:\Program Files\Intel\WiFi\bin\;C:\Program Files\Common Files\Intel\WirelessCommon\;c:\Program Files (x86)\Common Files\Ulead Systems\MPEG;C:\Program Files (x86)\Fujitsu\FJAgent\Core\bin;C:\Program Files (x86)\Common Files\Adobe\AGL;C:\Program Files (x86)\Skype\Phone\;C:\WINDOWS\system32\config\systemprofile\.dnx\bin;C:\Program Files\Microsoft DNX\Dnvm\;C:\Program Files (x86)\QuickTime\QTSystem\;C:\Program Files (x86)\GtkSharp\2.12\bin;C:\Program Files (x86)\Heroku\bin;C:\Users\FMVA77HWZ\.nvmw;C:\ProgramData\chocolatey\bin;C:\Program Files\Git\cmd;C:\Program Files (x86)\Nodist\bin;C:\Program Files\Nodist\bin;C:\Users\FMVA77HWZ\AppData\Local\Microsoft\WindowsApps;C:\Users\FMVA77HWZ\AppData\Local\atom\bin;C:\Users\FMVA77HWZ\AppData\Local\Microsoft\WindowsApps;C:\Program Files\Heroku\bin
10 verbose lifecycle custumblr@1.0.0~gp: CWD: C:\Users\FMVA77HWZ\mydev\products\custumblr
11 silly lifecycle custumblr@1.0.0~gp: Args: [ '/d /s /c', 'run-s add commit -- -m {1} push "test"' ]
12 silly lifecycle custumblr@1.0.0~gp: Returned: code: 3221225786  signal: null
13 info lifecycle custumblr@1.0.0~gp: Failed to exec gp script
14 verbose stack Error: custumblr@1.0.0 gp: `run-s add commit -- -m {1} push "test"`
14 verbose stack Exit status 3221225786
14 verbose stack     at EventEmitter.<anonymous> (C:\Program Files (x86)\Nodist\npmv\4.0.5\lib\utils\lifecycle.js:279:16)
14 verbose stack     at emitTwo (events.js:106:13)
14 verbose stack     at EventEmitter.emit (events.js:192:7)
14 verbose stack     at ChildProcess.<anonymous> (C:\Program Files (x86)\Nodist\npmv\4.0.5\lib\utils\spawn.js:40:14)
14 verbose stack     at emitTwo (events.js:106:13)
14 verbose stack     at ChildProcess.emit (events.js:192:7)
14 verbose stack     at maybeClose (internal/child_process.js:890:16)
14 verbose stack     at Process.ChildProcess._handle.onexit (internal/child_process.js:226:5)
15 verbose pkgid custumblr@1.0.0
16 verbose cwd C:\Users\FMVA77HWZ\mydev\products\custumblr
17 error Windows_NT 10.0.14986
18 error argv "C:\\Program Files (x86)\\Nodist\\v-x64\\7.6.0\\node.exe" "C:\\Program Files (x86)\\Nodist\\npmv\\4.0.5\\bin\\npm-cli.js" "run" "gp" "test"
19 error node v7.6.0
20 error npm  v4.0.5
21 error code ELIFECYCLE
22 error custumblr@1.0.0 gp: `run-s add commit -- -m {1} push "test"`
22 error Exit status 3221225786
23 error Failed at the custumblr@1.0.0 gp script 'run-s add commit -- -m {1} push "test"'.
23 error Make sure you have the latest version of node.js and npm installed.
23 error If you do, this is most likely a problem with the custumblr package,
23 error not with npm itself.
23 error Tell the author that this fails on your system:
23 error     run-s add commit -- -m {1} push "test"
23 error You can get information on how to open an issue for this project with:
23 error     npm bugs custumblr
23 error Or if that isn't available, you can get their info via:
23 error     npm owner ls custumblr
23 error There is likely additional logging output above.
24 verbose exit [ 1, true ]
